<?xml version="1.0" encoding="UTF-8"?>
<testsuite xmlns:xsi="http://www.w3.org/2001/XMLSchema-instance" xsi:noNamespaceSchemaLocation="https://maven.apache.org/surefire/maven-surefire-plugin/xsd/surefire-test-report.xsd" name="com.project.test.AppointmentTest" time="0.118" tests="13" errors="0" skipped="0" failures="0">
  <properties>
[...]
</properties>
  <testcase name="testAppointment1" classname="com.project.test.AppointmentTest" time="0.012"/>
  <testcase name="testAppointment2" classname="com.project.test.AppointmentTest" time="0.002"/>
  <testcase name="testAppointment3" classname="com.project.test.AppointmentTest" time="0.001"/>
  <testcase name="testAppointment3[1]" classname="com.project.test.AppointmentTest" time="0.004"/>
  <testcase name="testAppointment3[2]" classname="com.project.test.AppointmentTest" time="0.014"/>
  <testcase name="testAppointment3[3]" classname="com.project.test.AppointmentTest" time="0.002"/>
  <testcase name="testAppointment3[4]" classname="com.project.test.AppointmentTest" time="0"/>
  <testcase name="testAppointment3[5]" classname="com.project.test.AppointmentTest" time="0.003"/>
  <testcase name="testAppointment3[6]" classname="com.project.test.AppointmentTest" time="0.001"/>
  <testcase name="testAppointment3[7]" classname="com.project.test.AppointmentTest" time="0.001"/>
  <testcase name="testAppointment3[8]" classname="com.project.test.AppointmentTest" time="0"/>
  <testcase name="testAppointment4" classname="com.project.test.AppointmentTest" time="0.002"/>
  <testcase name="testAppointment5" classname="com.project.test.AppointmentTest" time="0.001"/>
</testsuite>